<?xml version="1.0" encoding="UTF-8"?>
<!-- Generated by org.testng.reporters.JUnitReportReporter -->
<testsuite skipped="0" hostname="Terminator-PC" name="com.pagelibrary.com.ranford.TestExecution2" tests="5" failures="0" timestamp="25 Sep 2018 07:22:07 GMT" time="28.769" errors="0">
  <testcase name="login_test" time="4.422" classname="com.pagelibrary.com.ranford.TestExecution2"/>
  <testcase name="roles_test" time="1.185" classname="com.pagelibrary.com.ranford.TestExecution2"/>
  <testcase name="new_roles_test" time="10.876" classname="com.pagelibrary.com.ranford.TestExecution2"/>
  <testcase name="roles_edit_test" time="10.483" classname="com.pagelibrary.com.ranford.TestExecution2"/>
  <testcase name="logout_test" time="1.803" classname="com.pagelibrary.com.ranford.TestExecution2"/>
</testsuite> <!-- com.pagelibrary.com.ranford.TestExecution2 -->
