<?xml version="1.0" encoding="UTF-8"?>
<!-- Generated by org.testng.reporters.JUnitReportReporter -->
<testsuite skipped="0" hostname="Terminator-PC" name="com.pagelibrary.com.ranford.TestExecution" tests="6" failures="0" timestamp="25 Sep 2018 07:22:07 GMT" time="35.980" errors="0">
  <testcase name="loginTest" time="4.261" classname="com.pagelibrary.com.ranford.TestExecution"/>
  <testcase name="branchlinkTest" time="1.138" classname="com.pagelibrary.com.ranford.TestExecution"/>
  <testcase name="verifyexcel" time="23.382" classname="com.pagelibrary.com.ranford.TestExecution"/>
  <testcase name="branchsearchTest" time="2.482" classname="com.pagelibrary.com.ranford.TestExecution"/>
  <testcase name="branch_up_delete1" time="4.557" classname="com.pagelibrary.com.ranford.TestExecution"/>
  <testcase name="logoutTest" time="0.160" classname="com.pagelibrary.com.ranford.TestExecution"/>
</testsuite> <!-- com.pagelibrary.com.ranford.TestExecution -->
