<?xml version="1.0" encoding="UTF-8"?>
<!-- Generated by org.testng.reporters.JUnitXMLReporter -->
<testsuite hostname="Terminator-PC" ignored="0" name="test-runner chrome" tests="5" failures="0" timestamp="25 Sep 2018 07:22:06 GMT" time="45.587" errors="0">
  <testcase name="login_test" time="4.421" classname="com.pagelibrary.com.ranford.TestExecution2"/>
  <testcase name="roles_test" time="1.185" classname="com.pagelibrary.com.ranford.TestExecution2"/>
  <testcase name="new_roles_test" time="10.868" classname="com.pagelibrary.com.ranford.TestExecution2"/>
  <testcase name="roles_edit_test" time="10.482" classname="com.pagelibrary.com.ranford.TestExecution2"/>
  <testcase name="logout_test" time="1.802" classname="com.pagelibrary.com.ranford.TestExecution2"/>
</testsuite> <!-- test-runner chrome -->
