<?xml version="1.0" encoding="UTF-8"?>
<!-- Generated by org.testng.reporters.JUnitXMLReporter -->
<testsuite hostname="Terminator-PC" ignored="0" name="test-runner firefox" tests="6" failures="0" timestamp="25 Sep 2018 07:21:20 GMT" time="60.071" errors="0">
  <testcase name="loginTest" time="4.261" classname="com.pagelibrary.com.ranford.TestExecution"/>
  <testcase name="branchlinkTest" time="1.138" classname="com.pagelibrary.com.ranford.TestExecution"/>
  <testcase name="verifyexcel" time="23.357" classname="com.pagelibrary.com.ranford.TestExecution"/>
  <testcase name="branchsearchTest" time="2.481" classname="com.pagelibrary.com.ranford.TestExecution"/>
  <testcase name="branch_up_delete1" time="4.557" classname="com.pagelibrary.com.ranford.TestExecution"/>
  <testcase name="logoutTest" time="0.159" classname="com.pagelibrary.com.ranford.TestExecution"/>
</testsuite> <!-- test-runner firefox -->
